2017-03-23 18:58:20 [Test worker] INFO  e.s.r.TestGradleWebsecurityApplicationTests.logStarting(48) - Starting TestGradleWebsecurityApplicationTests on MD1B33KC with PID 1524 (started by z002z80a in D:\supersede\workspace_jqxWidgets\replan\replan_dashboard\release-planner-app)
2017-03-23 18:58:20 [Test worker] DEBUG e.s.r.TestGradleWebsecurityApplicationTests.logStarting(51) - Running with Spring Boot v1.4.1.RELEASE, Spring v4.3.3.RELEASE
2017-03-23 18:58:20 [Test worker] INFO  e.s.r.TestGradleWebsecurityApplicationTests.logStartupProfileInfo(661) - No active profile set, falling back to default profiles: default
2017-03-23 18:58:20 [Test worker] INFO  o.s.w.c.s.GenericWebApplicationContext.prepareRefresh(581) - Refreshing org.springframework.web.context.support.GenericWebApplicationContext@1f35efe3: startup date [Thu Mar 23 18:58:20 CET 2017]; root of context hierarchy
2017-03-23 18:58:24 [Test worker] INFO  e.s.f.m.DataSourceBasedMultiTenantConnectionProviderImpl.load(86) - Found tenant: atos
2017-03-23 18:58:24 [Test worker] INFO  e.s.f.m.DataSourceBasedMultiTenantConnectionProviderImpl.load(86) - Found tenant: siemens
2017-03-23 18:58:24 [Test worker] INFO  e.s.f.m.DataSourceBasedMultiTenantConnectionProviderImpl.load(86) - Found tenant: senercon
2017-03-23 18:58:24 [Test worker] INFO  e.s.f.m.CurrentTenantIdentifierResolverImpl.load(54) - release-planner-app.multitenancy.default = atos
2017-03-23 18:58:25 [Test worker] WARN  o.a.tomcat.jdbc.pool.ConnectionPool.log(179) - initialSize is larger than maxActive, setting initialSize to: 3
2017-03-23 18:58:25 [Test worker] WARN  o.a.tomcat.jdbc.pool.ConnectionPool.log(179) - minIdle is larger than maxActive, setting minIdle to: 3
2017-03-23 18:58:25 [Test worker] WARN  o.a.tomcat.jdbc.pool.ConnectionPool.log(179) - maxIdle is larger than maxActive, setting maxIdle to: 3
2017-03-23 18:58:28 [Test worker] INFO  e.s.fe.integration.ProxyWrapper.load(63) - release-planner-app.multitenancy.names = atos,siemens,senercon
2017-03-23 18:58:28 [Test worker] INFO  e.s.fe.integration.ProxyWrapper.load(88) - Tenants: 3
2017-03-23 18:58:31 [Test worker] WARN  o.a.tomcat.jdbc.pool.ConnectionPool.log(179) - initialSize is larger than maxActive, setting initialSize to: 3
2017-03-23 18:58:31 [Test worker] WARN  o.a.tomcat.jdbc.pool.ConnectionPool.log(179) - minIdle is larger than maxActive, setting minIdle to: 3
2017-03-23 18:58:31 [Test worker] WARN  o.a.tomcat.jdbc.pool.ConnectionPool.log(179) - maxIdle is larger than maxActive, setting maxIdle to: 3
2017-03-23 18:58:31 [Test worker] INFO  e.s.fe.multitenant.MultiJpaProvider.load(81) - Loading database: jdbc:postgresql://localhost/siemens
2017-03-23 18:58:31 [Test worker] INFO  e.s.fe.multitenant.MultiJpaProvider.load(81) - Loading database: jdbc:postgresql://localhost/atos
2017-03-23 18:58:32 [Test worker] WARN  o.a.tomcat.jdbc.pool.ConnectionPool.log(179) - initialSize is larger than maxActive, setting initialSize to: 3
2017-03-23 18:58:32 [Test worker] WARN  o.a.tomcat.jdbc.pool.ConnectionPool.log(179) - minIdle is larger than maxActive, setting minIdle to: 3
2017-03-23 18:58:32 [Test worker] WARN  o.a.tomcat.jdbc.pool.ConnectionPool.log(179) - maxIdle is larger than maxActive, setting maxIdle to: 3
2017-03-23 18:58:32 [Test worker] INFO  e.s.fe.multitenant.MultiJpaProvider.load(81) - Loading database: jdbc:postgresql://localhost/senercon
2017-03-23 18:58:33 [Test worker] INFO  o.s.w.s.m.m.a.RequestMappingHandlerAdapter.initControllerAdviceCache(534) - Looking for @ControllerAdvice: org.springframework.web.context.support.GenericWebApplicationContext@1f35efe3: startup date [Thu Mar 23 18:58:20 CET 2017]; root of context hierarchy
2017-03-23 18:58:33 [Test worker] INFO  o.s.w.s.m.m.a.RequestMappingHandlerMapping.register(543) - Mapped "{[/replan/projects/tenant/**],methods=[GET || POST || PUT || DELETE]}" onto public org.springframework.http.ResponseEntity<?> eu.supersede.rp.rest.ReleasePlannerRest.get(javax.servlet.http.HttpServletRequest,javax.servlet.http.HttpServletResponse) throws java.io.IOException
2017-03-23 18:58:33 [Test worker] INFO  o.s.w.s.m.m.a.RequestMappingHandlerMapping.register(543) - Mapped "{[/replan/projects/hello],methods=[GET]}" onto public java.lang.String eu.supersede.rp.rest.ReleasePlannerRest.hello(javax.servlet.http.HttpServletRequest,javax.servlet.http.HttpServletResponse) throws java.io.IOException
2017-03-23 18:58:33 [Test worker] INFO  o.s.w.s.m.m.a.RequestMappingHandlerMapping.register(543) - Mapped "{[/test]}" onto public java.lang.String eu.supersede.rp.rest.TestRest.test()
2017-03-23 18:58:33 [Test worker] INFO  o.s.w.s.m.m.a.RequestMappingHandlerMapping.register(543) - Mapped "{[/error]}" onto public org.springframework.http.ResponseEntity<java.util.Map<java.lang.String, java.lang.Object>> org.springframework.boot.autoconfigure.web.BasicErrorController.error(javax.servlet.http.HttpServletRequest)
2017-03-23 18:58:33 [Test worker] INFO  o.s.w.s.m.m.a.RequestMappingHandlerMapping.register(543) - Mapped "{[/error],produces=[text/html]}" onto public org.springframework.web.servlet.ModelAndView org.springframework.boot.autoconfigure.web.BasicErrorController.errorHtml(javax.servlet.http.HttpServletRequest,javax.servlet.http.HttpServletResponse)
2017-03-23 18:58:34 [Test worker] INFO  o.s.w.s.h.SimpleUrlHandlerMapping.registerHandler(354) - Mapped URL path [/webjars/**] onto handler of type [class org.springframework.web.servlet.resource.ResourceHttpRequestHandler]
2017-03-23 18:58:34 [Test worker] INFO  o.s.w.s.h.SimpleUrlHandlerMapping.registerHandler(354) - Mapped URL path [/**] onto handler of type [class org.springframework.web.servlet.resource.ResourceHttpRequestHandler]
2017-03-23 18:58:34 [Test worker] INFO  o.s.w.s.h.SimpleUrlHandlerMapping.registerHandler(354) - Mapped URL path [/**/favicon.ico] onto handler of type [class org.springframework.web.servlet.resource.ResourceHttpRequestHandler]
2017-03-23 18:58:34 [Test worker] INFO  o.s.w.s.v.v.VelocityConfigurer.postProcessVelocityEngine(141) - ClasspathResourceLoader with name 'springMacro' added to configured VelocityEngine
2017-03-23 18:58:35 [Test worker] INFO  e.s.r.TestGradleWebsecurityApplicationTests.logStarted(57) - Started TestGradleWebsecurityApplicationTests in 15.118 seconds (JVM running for 18.007)
2017-03-23 18:58:35 [Thread-7] INFO  o.s.w.c.s.GenericWebApplicationContext.doClose(982) - Closing org.springframework.web.context.support.GenericWebApplicationContext@1f35efe3: startup date [Thu Mar 23 18:58:20 CET 2017]; root of context hierarchy
